# JRE version: Java(TM) SE Runtime Environment (17.0+35) (build 17+35-LTS-2724)
# Java VM: Java HotSpot(TM) 64-Bit Server VM (17+35-LTS-2724, mixed mode, sharing, tiered, compressed oops, compressed class ptrs, g1 gc, windows-amd64)
GC Precious Log:
 CPUs: 4 total, 4 available
 Memory: 8089M
 Large Page Support: Disabled
 NUMA Support: Disabled
 Compressed Oops: Enabled (32-bit)
 Heap Region Size: 1M
 Heap Min Capacity: 8M
 Heap Initial Capacity: 128M
 Heap Max Capacity: 2024M
 Pre-touch: Disabled
 Parallel Workers: 4
 Concurrent Workers: 1
 Concurrent Refinement Workers: 4
 Periodic GC: Disabled
Heap:
 garbage-first heap   total 114688K, used 77780K [0x0000000081800000, 0x0000000100000000)
  region size 1024K, 31 young (31744K), 1 survivors (1024K)
 Metaspace       used 81324K, committed 81856K, reserved 1122304K
  class space    used 10390K, committed 10624K, reserved 1048576K
GC Heap History (20 events):
Event: 2990.751 GC heap before
{Heap before GC invocations=384 (full 0):
 garbage-first heap   total 114688K, used 97264K [0x0000000081800000, 0x0000000100000000)
  region size 1024K, 49 young (50176K), 1 survivors (1024K)
 Metaspace       used 81317K, committed 81792K, reserved 1122304K
  class space    used 10390K, committed 10624K, reserved 1048576K
}
Event: 2990.752 GC heap after
{Heap after GC invocations=385 (full 0):
 garbage-first heap   total 114688K, used 49012K [0x0000000081800000, 0x0000000100000000)
  region size 1024K, 1 young (1024K), 1 survivors (1024K)
 Metaspace       used 81317K, committed 81792K, reserved 1122304K
  class space    used 10390K, committed 10624K, reserved 1048576K
}
Event: 2991.579 GC heap before
{Heap before GC invocations=385 (full 0):
 garbage-first heap   total 114688K, used 98164K [0x0000000081800000, 0x0000000100000000)
  region size 1024K, 50 young (51200K), 1 survivors (1024K)
 Metaspace       used 81319K, committed 81792K, reserved 1122304K
  class space    used 10390K, committed 10624K, reserved 1048576K
}
Event: 2991.580 GC heap after
{Heap after GC invocations=386 (full 0):
 garbage-first heap   total 114688K, used 49155K [0x0000000081800000, 0x0000000100000000)
  region size 1024K, 1 young (1024K), 1 survivors (1024K)
 Metaspace       used 81319K, committed 81792K, reserved 1122304K
  class space    used 10390K, committed 10624K, reserved 1048576K
}
Event: 2992.037 GC heap before
{Heap before GC invocations=386 (full 0):
 garbage-first heap   total 114688K, used 98307K [0x0000000081800000, 0x0000000100000000)
  region size 1024K, 50 young (51200K), 1 survivors (1024K)
 Metaspace       used 81319K, committed 81792K, reserved 1122304K
  class space    used 10390K, committed 10624K, reserved 1048576K
}
Event: 2992.038 GC heap after
{Heap after GC invocations=387 (full 0):
 garbage-first heap   total 114688K, used 49483K [0x0000000081800000, 0x0000000100000000)
  region size 1024K, 1 young (1024K), 1 survivors (1024K)
 Metaspace       used 81319K, committed 81792K, reserved 1122304K
  class space    used 10390K, committed 10624K, reserved 1048576K
}
Event: 2992.346 GC heap before
{Heap before GC invocations=387 (full 0):
 garbage-first heap   total 114688K, used 98635K [0x0000000081800000, 0x0000000100000000)
  region size 1024K, 50 young (51200K), 1 survivors (1024K)
 Metaspace       used 81319K, committed 81792K, reserved 1122304K
  class space    used 10390K, committed 10624K, reserved 1048576K
}
Event: 2992.348 GC heap after
{Heap after GC invocations=388 (full 0):
 garbage-first heap   total 114688K, used 49270K [0x0000000081800000, 0x0000000100000000)
  region size 1024K, 1 young (1024K), 1 survivors (1024K)
 Metaspace       used 81319K, committed 81792K, reserved 1122304K
  class space    used 10390K, committed 10624K, reserved 1048576K
}
Event: 2992.613 GC heap before
{Heap before GC invocations=388 (full 0):
 garbage-first heap   total 114688K, used 98422K [0x0000000081800000, 0x0000000100000000)
  region size 1024K, 50 young (51200K), 1 survivors (1024K)
 Metaspace       used 81319K, committed 81792K, reserved 1122304K
  class space    used 10390K, committed 10624K, reserved 1048576K
}
Event: 2992.615 GC heap after
{Heap after GC invocations=389 (full 0):
 garbage-first heap   total 114688K, used 49255K [0x0000000081800000, 0x0000000100000000)
  region size 1024K, 1 young (1024K), 1 survivors (1024K)
 Metaspace       used 81319K, committed 81792K, reserved 1122304K
  class space    used 10390K, committed 10624K, reserved 1048576K
}
Event: 2992.974 GC heap before
{Heap before GC invocations=389 (full 0):
 garbage-first heap   total 114688K, used 98407K [0x0000000081800000, 0x0000000100000000)
  region size 1024K, 50 young (51200K), 1 survivors (1024K)
 Metaspace       used 81319K, committed 81792K, reserved 1122304K
  class space    used 10390K, committed 10624K, reserved 1048576K
}
Event: 2992.975 GC heap after
{Heap after GC invocations=390 (full 0):
 garbage-first heap   total 114688K, used 49461K [0x0000000081800000, 0x0000000100000000)
  region size 1024K, 1 young (1024K), 1 survivors (1024K)
 Metaspace       used 81319K, committed 81792K, reserved 1122304K
  class space    used 10390K, committed 10624K, reserved 1048576K
}
Event: 2993.246 GC heap before
{Heap before GC invocations=390 (full 0):
 garbage-first heap   total 114688K, used 98613K [0x0000000081800000, 0x0000000100000000)
  region size 1024K, 50 young (51200K), 1 survivors (1024K)
 Metaspace       used 81319K, committed 81792K, reserved 1122304K
  class space    used 10390K, committed 10624K, reserved 1048576K
}
Event: 2993.247 GC heap after
{Heap after GC invocations=391 (full 0):
 garbage-first heap   total 114688K, used 49137K [0x0000000081800000, 0x0000000100000000)
  region size 1024K, 1 young (1024K), 1 survivors (1024K)
 Metaspace       used 81319K, committed 81792K, reserved 1122304K
  class space    used 10390K, committed 10624K, reserved 1048576K
}
Event: 2993.607 GC heap before
{Heap before GC invocations=391 (full 0):
 garbage-first heap   total 114688K, used 98289K [0x0000000081800000, 0x0000000100000000)
  region size 1024K, 50 young (51200K), 1 survivors (1024K)
 Metaspace       used 81319K, committed 81792K, reserved 1122304K
  class space    used 10390K, committed 10624K, reserved 1048576K
}
Event: 2993.608 GC heap after
{Heap after GC invocations=392 (full 0):
 garbage-first heap   total 114688K, used 49032K [0x0000000081800000, 0x0000000100000000)
  region size 1024K, 1 young (1024K), 1 survivors (1024K)
 Metaspace       used 81319K, committed 81792K, reserved 1122304K
  class space    used 10390K, committed 10624K, reserved 1048576K
}
Event: 2994.237 GC heap before
{Heap before GC invocations=392 (full 0):
 garbage-first heap   total 114688K, used 98184K [0x0000000081800000, 0x0000000100000000)
  region size 1024K, 50 young (51200K), 1 survivors (1024K)
 Metaspace       used 81319K, committed 81792K, reserved 1122304K
  class space    used 10390K, committed 10624K, reserved 1048576K
}
Event: 2994.238 GC heap after
{Heap after GC invocations=393 (full 0):
 garbage-first heap   total 114688K, used 49018K [0x0000000081800000, 0x0000000100000000)
  region size 1024K, 1 young (1024K), 1 survivors (1024K)
 Metaspace       used 81319K, committed 81792K, reserved 1122304K
  class space    used 10390K, committed 10624K, reserved 1048576K
}
Event: 2994.619 GC heap before
{Heap before GC invocations=393 (full 0):
 garbage-first heap   total 114688K, used 98170K [0x0000000081800000, 0x0000000100000000)
  region size 1024K, 50 young (51200K), 1 survivors (1024K)
 Metaspace       used 81319K, committed 81792K, reserved 1122304K
  class space    used 10390K, committed 10624K, reserved 1048576K
}
Event: 2994.620 GC heap after
{Heap after GC invocations=394 (full 0):
 garbage-first heap   total 114688K, used 49108K [0x0000000081800000, 0x0000000100000000)
  region size 1024K, 1 young (1024K), 1 survivors (1024K)
 Metaspace       used 81319K, committed 81792K, reserved 1122304K
  class space    used 10390K, committed 10624K, reserved 1048576K
}

